<?xml version="1.0" encoding="UTF-8"?>
<!-- Generated by org.testng.reporters.JUnitReportReporter -->
<testsuite hostname="Lenovo-PC" name="com.build.script.BuildTestCase" tests="1" failures="0" timestamp="28 May 2016 20:31:41 GMT" time="50.533" errors="0">
  <testcase name="searchForProduct" time="50.533" classname="com.build.script.BuildTestCase"/>
</testsuite> <!-- com.build.script.BuildTestCase -->
